Flow report for Sif5
Fri Oct 27 09:03:39 2017
Quartus II Version 9.1 Build 222 10/21/2009 SJ Web Edition


---------------------
; Table of Contents ;
---------------------
  1. Legal Notice
  2. Flow Summary
  3. Flow Settings
  4. Flow Non-Default Global Settings
  5. Flow Elapsed Time
  6. Flow OS Summary
  7. Flow Log



----------------
; Legal Notice ;
----------------
Copyright (C) 1991-2009 Altera Corporation
Your use of Altera Corporation's design tools, logic functions 
and other software and tools, and its AMPP partner logic 
functions, and any output files from any of the foregoing 
(including device programming or simulation files), and any 
associated documentation or information are expressly subject 
to the terms and conditions of the Altera Program License 
Subscription Agreement, Altera MegaCore Function License 
Agreement, or other applicable license agreement, including, 
without limitation, that your use is for the sole purpose of 
programming logic devices manufactured by Altera and sold by 
Altera or its authorized distributors.  Please refer to the 
applicable agreement for further details.



+--------------------------------------------------------------------+
; Flow Summary                                                       ;
+--------------------------+-----------------------------------------+
; Flow Status              ; Successful - Fri Oct 27 09:03:39 2017   ;
; Quartus II Version       ; 9.1 Build 222 10/21/2009 SJ Web Edition ;
; Revision Name            ; Sif5                                    ;
; Top-level Entity Name    ; Sif5                                    ;
; Family                   ; Stratix                                 ;
; Met timing requirements  ; N/A                                     ;
; Total logic elements     ; 35                                      ;
; Total pins               ; 11                                      ;
; Total virtual pins       ; 0                                       ;
; Total memory bits        ; 0                                       ;
; DSP block 9-bit elements ; 0                                       ;
; Total PLLs               ; 0                                       ;
; Total DLLs               ; 0                                       ;
+--------------------------+-----------------------------------------+


+-----------------------------------------+
; Flow Settings                           ;
+-------------------+---------------------+
; Option            ; Setting             ;
+-------------------+---------------------+
; Start date & time ; 10/27/2017 09:03:35 ;
; Main task         ; Compilation         ;
; Revision Name     ; Sif5                ;
+-------------------+---------------------+


+---------------------------------------------------------------------------------------------------------------------+
; Flow Non-Default Global Settings                                                                                    ;
+------------------------------------+---------------------------------+---------------+-------------+----------------+
; Assignment Name                    ; Value                           ; Default Value ; Entity Name ; Section Id     ;
+------------------------------------+---------------------------------+---------------+-------------+----------------+
; COMPILER_SIGNATURE_ID              ; 264390077223549.150908421510408 ; --            ; --          ; --             ;
; IP_TOOL_NAME                       ; LPM_COUNTER                     ; --            ; --          ; --             ;
; IP_TOOL_NAME                       ; LPM_COMPARE                     ; --            ; --          ; --             ;
; IP_TOOL_NAME                       ; LPM_CONSTANT                    ; --            ; --          ; --             ;
; IP_TOOL_NAME                       ; LPM_CONSTANT                    ; --            ; --          ; --             ;
; IP_TOOL_NAME                       ; LPM_CONSTANT                    ; --            ; --          ; --             ;
; IP_TOOL_NAME                       ; LPM_CONSTANT                    ; --            ; --          ; --             ;
; IP_TOOL_NAME                       ; LPM_CONSTANT                    ; --            ; --          ; --             ;
; IP_TOOL_NAME                       ; LPM_CONSTANT                    ; --            ; --          ; --             ;
; IP_TOOL_NAME                       ; LPM_CONSTANT                    ; --            ; --          ; --             ;
; IP_TOOL_NAME                       ; LPM_CONSTANT                    ; --            ; --          ; --             ;
; IP_TOOL_NAME                       ; LPM_CONSTANT                    ; --            ; --          ; --             ;
; IP_TOOL_NAME                       ; LPM_CONSTANT                    ; --            ; --          ; --             ;
; IP_TOOL_NAME                       ; LPM_CONSTANT                    ; --            ; --          ; --             ;
; IP_TOOL_NAME                       ; LPM_CONSTANT                    ; --            ; --          ; --             ;
; IP_TOOL_NAME                       ; LPM_OR                          ; --            ; --          ; --             ;
; IP_TOOL_VERSION                    ; 9.1                             ; --            ; --          ; --             ;
; IP_TOOL_VERSION                    ; 9.1                             ; --            ; --          ; --             ;
; IP_TOOL_VERSION                    ; 9.1                             ; --            ; --          ; --             ;
; IP_TOOL_VERSION                    ; 9.1                             ; --            ; --          ; --             ;
; IP_TOOL_VERSION                    ; 9.1                             ; --            ; --          ; --             ;
; IP_TOOL_VERSION                    ; 9.1                             ; --            ; --          ; --             ;
; IP_TOOL_VERSION                    ; 9.1                             ; --            ; --          ; --             ;
; IP_TOOL_VERSION                    ; 9.1                             ; --            ; --          ; --             ;
; IP_TOOL_VERSION                    ; 9.1                             ; --            ; --          ; --             ;
; IP_TOOL_VERSION                    ; 9.1                             ; --            ; --          ; --             ;
; IP_TOOL_VERSION                    ; 9.1                             ; --            ; --          ; --             ;
; IP_TOOL_VERSION                    ; 9.1                             ; --            ; --          ; --             ;
; IP_TOOL_VERSION                    ; 9.1                             ; --            ; --          ; --             ;
; IP_TOOL_VERSION                    ; 9.1                             ; --            ; --          ; --             ;
; IP_TOOL_VERSION                    ; 9.1                             ; --            ; --          ; --             ;
; MISC_FILE                          ; lpm_counter0.bsf                ; --            ; --          ; --             ;
; MISC_FILE                          ; lpm_counter0_inst.vhd           ; --            ; --          ; --             ;
; MISC_FILE                          ; lpm_counter0.inc                ; --            ; --          ; --             ;
; MISC_FILE                          ; lpm_counter0.cmp                ; --            ; --          ; --             ;
; MISC_FILE                          ; lpm_compare0.bsf                ; --            ; --          ; --             ;
; MISC_FILE                          ; lpm_compare0_inst.vhd           ; --            ; --          ; --             ;
; MISC_FILE                          ; lpm_compare0.inc                ; --            ; --          ; --             ;
; MISC_FILE                          ; lpm_compare0.cmp                ; --            ; --          ; --             ;
; MISC_FILE                          ; lpm_constant0.bsf               ; --            ; --          ; --             ;
; MISC_FILE                          ; lpm_constant0_inst.vhd          ; --            ; --          ; --             ;
; MISC_FILE                          ; lpm_constant0.inc               ; --            ; --          ; --             ;
; MISC_FILE                          ; lpm_constant0.cmp               ; --            ; --          ; --             ;
; MISC_FILE                          ; lpm_constant1.bsf               ; --            ; --          ; --             ;
; MISC_FILE                          ; lpm_constant1_inst.vhd          ; --            ; --          ; --             ;
; MISC_FILE                          ; lpm_constant1.inc               ; --            ; --          ; --             ;
; MISC_FILE                          ; lpm_constant1.cmp               ; --            ; --          ; --             ;
; MISC_FILE                          ; lpm_constant2.bsf               ; --            ; --          ; --             ;
; MISC_FILE                          ; lpm_constant2_inst.vhd          ; --            ; --          ; --             ;
; MISC_FILE                          ; lpm_constant2.inc               ; --            ; --          ; --             ;
; MISC_FILE                          ; lpm_constant2.cmp               ; --            ; --          ; --             ;
; MISC_FILE                          ; lpm_constant3.bsf               ; --            ; --          ; --             ;
; MISC_FILE                          ; lpm_constant3_inst.vhd          ; --            ; --          ; --             ;
; MISC_FILE                          ; lpm_constant3.inc               ; --            ; --          ; --             ;
; MISC_FILE                          ; lpm_constant3.cmp               ; --            ; --          ; --             ;
; MISC_FILE                          ; lpm_constant4.bsf               ; --            ; --          ; --             ;
; MISC_FILE                          ; lpm_constant4_inst.vhd          ; --            ; --          ; --             ;
; MISC_FILE                          ; lpm_constant4.inc               ; --            ; --          ; --             ;
; MISC_FILE                          ; lpm_constant4.cmp               ; --            ; --          ; --             ;
; MISC_FILE                          ; lpm_constant5.bsf               ; --            ; --          ; --             ;
; MISC_FILE                          ; lpm_constant5_inst.vhd          ; --            ; --          ; --             ;
; MISC_FILE                          ; lpm_constant5.inc               ; --            ; --          ; --             ;
; MISC_FILE                          ; lpm_constant5.cmp               ; --            ; --          ; --             ;
; MISC_FILE                          ; lpm_constant6.bsf               ; --            ; --          ; --             ;
; MISC_FILE                          ; lpm_constant6_inst.vhd          ; --            ; --          ; --             ;
; MISC_FILE                          ; lpm_constant6.inc               ; --            ; --          ; --             ;
; MISC_FILE                          ; lpm_constant6.cmp               ; --            ; --          ; --             ;
; MISC_FILE                          ; lpm_constant7.bsf               ; --            ; --          ; --             ;
; MISC_FILE                          ; lpm_constant7_inst.vhd          ; --            ; --          ; --             ;
; MISC_FILE                          ; lpm_constant7.inc               ; --            ; --          ; --             ;
; MISC_FILE                          ; lpm_constant7.cmp               ; --            ; --          ; --             ;
; MISC_FILE                          ; lpm_constant8.bsf               ; --            ; --          ; --             ;
; MISC_FILE                          ; lpm_constant8_inst.vhd          ; --            ; --          ; --             ;
; MISC_FILE                          ; lpm_constant8.inc               ; --            ; --          ; --             ;
; MISC_FILE                          ; lpm_constant8.cmp               ; --            ; --          ; --             ;
; MISC_FILE                          ; lpm_constant9.bsf               ; --            ; --          ; --             ;
; MISC_FILE                          ; lpm_constant9_inst.vhd          ; --            ; --          ; --             ;
; MISC_FILE                          ; lpm_constant9.inc               ; --            ; --          ; --             ;
; MISC_FILE                          ; lpm_constant9.cmp               ; --            ; --          ; --             ;
; MISC_FILE                          ; lpm_constant10.bsf              ; --            ; --          ; --             ;
; MISC_FILE                          ; lpm_constant10_inst.vhd         ; --            ; --          ; --             ;
; MISC_FILE                          ; lpm_constant10.inc              ; --            ; --          ; --             ;
; MISC_FILE                          ; lpm_constant10.cmp              ; --            ; --          ; --             ;
; MISC_FILE                          ; lpm_constant11.bsf              ; --            ; --          ; --             ;
; MISC_FILE                          ; lpm_constant11_inst.vhd         ; --            ; --          ; --             ;
; MISC_FILE                          ; lpm_constant11.inc              ; --            ; --          ; --             ;
; MISC_FILE                          ; lpm_constant11.cmp              ; --            ; --          ; --             ;
; MISC_FILE                          ; lpm_or0.bsf                     ; --            ; --          ; --             ;
; MISC_FILE                          ; lpm_or0_inst.vhd                ; --            ; --          ; --             ;
; MISC_FILE                          ; lpm_or0.inc                     ; --            ; --          ; --             ;
; MISC_FILE                          ; lpm_or0.cmp                     ; --            ; --          ; --             ;
; PARTITION_COLOR                    ; 16764057                        ; --            ; --          ; Top            ;
; PARTITION_NETLIST_TYPE             ; SOURCE                          ; --            ; --          ; Top            ;
; USE_GENERATED_PHYSICAL_CONSTRAINTS ; Off                             ; --            ; --          ; eda_blast_fpga ;
+------------------------------------+---------------------------------+---------------+-------------+----------------+


+--------------------------------------------------------------------------------------------------------------------------+
; Flow Elapsed Time                                                                                                        ;
+----------------------+--------------+-------------------------+---------------------+------------------------------------+
; Module Name          ; Elapsed Time ; Average Processors Used ; Peak Virtual Memory ; Total CPU Time (on all processors) ;
+----------------------+--------------+-------------------------+---------------------+------------------------------------+
; Analysis & Synthesis ; 00:00:04     ; 1.0                     ; 259 MB              ; 00:00:04                           ;
; Total                ; 00:00:04     ; --                      ; --                  ; 00:00:04                           ;
+----------------------+--------------+-------------------------+---------------------+------------------------------------+


+---------------------------------------------------------------------------------------+
; Flow OS Summary                                                                       ;
+----------------------+------------------+---------------+------------+----------------+
; Module Name          ; Machine Hostname ; OS Name       ; OS Version ; Processor type ;
+----------------------+------------------+---------------+------------+----------------+
; Analysis & Synthesis ; DESKTOP-QAMEKB6  ; Windows Vista ; 6.2        ; x86_64         ;
+----------------------+------------------+---------------+------------+----------------+


------------
; Flow Log ;
------------
quartus_map --read_settings_files=on --write_settings_files=off Sif5 -c Sif5



